<?xml version="1.0" encoding="UTF-8"?>
<!-- Generated by org.testng.reporters.JUnitReportReporter -->
<testsuite hostname="woong" failures="0" tests="1" name="woong.AppiumStudy.LongPress" time="12.895" errors="0" timestamp="2024-01-17T15:23:23 MST" skipped="0">
  <testcase classname="woong.AppiumStudy.LongPress" name="LongPressGesture" time="12.895"/>
  <system-out/>
</testsuite> <!-- woong.AppiumStudy.LongPress -->
