<?xml version="1.0" encoding="UTF-8"?>
<!-- Generated by org.testng.reporters.JUnitReportReporter -->
<testsuite hostname="woong" failures="0" tests="1" name="woong.AppiumStudy.ScrollDemo" time="20.647" errors="0" timestamp="2024-01-16T22:10:01 MST" skipped="0">
  <testcase classname="woong.AppiumStudy.ScrollDemo" name="scroll" time="20.647"/>
  <system-out/>
</testsuite> <!-- woong.AppiumStudy.ScrollDemo -->
