<?xml version="1.0" encoding="UTF-8"?>
<!-- Generated by org.testng.reporters.JUnitReportReporter -->
<testsuite hostname="woong" failures="0" tests="1" name="woong.AppiumStudy.AppiiumBasics" time="28.876" errors="0" timestamp="2024-01-16T14:52:50 MST" skipped="0">
  <testcase classname="woong.AppiumStudy.AppiiumBasics" name="WifiSettingsName" time="28.876"/>
  <system-out/>
</testsuite> <!-- woong.AppiumStudy.AppiiumBasics -->
