<?xml version="1.0" encoding="UTF-8"?>
<!-- Generated by org.testng.reporters.JUnitReportReporter -->
<testsuite hostname="woong" failures="0" tests="1" name="woong.AppiumStudy.SwipeDemo" time="9.984" errors="0" timestamp="2024-01-17T15:17:10 MST" skipped="0">
  <testcase classname="woong.AppiumStudy.SwipeDemo" name="SwipeDemoTest" time="9.984"/>
  <system-out/>
</testsuite> <!-- woong.AppiumStudy.SwipeDemo -->
