<?xml version="1.0" encoding="UTF-8"?>
<!-- Generated by org.testng.reporters.JUnitReportReporter -->
<testsuite hostname="woong" failures="0" tests="1" name="woong.AppiumStudy.eCommerce_tc_2" time="24.924" errors="0" timestamp="2024-01-19T13:11:31 MST" skipped="0">
  <testcase classname="woong.AppiumStudy.eCommerce_tc_2" name="FillFrom" time="24.924"/>
</testsuite> <!-- woong.AppiumStudy.eCommerce_tc_2 -->
