<?xml version="1.0" encoding="UTF-8"?>
<!-- Generated by org.testng.reporters.JUnitReportReporter -->
<testsuite hostname="woong" failures="0" tests="1" name="woong.AppiumStudy.eCommerce_tc_1" time="21.900" errors="0" timestamp="2024-01-18T14:20:33 MST" skipped="0">
  <testcase classname="woong.AppiumStudy.eCommerce_tc_1" name="FillFrom" time="21.900"/>
</testsuite> <!-- woong.AppiumStudy.eCommerce_tc_1 -->
