<?xml version="1.0" encoding="UTF-8"?>
<!-- Generated by org.testng.reporters.JUnitReportReporter -->
<testsuite hostname="woong" failures="0" tests="1" name="woong.AppiumStudy.eCommerce_tc_3" time="37.316" errors="0" timestamp="2024-01-19T14:51:18 MST" skipped="0">
  <testcase classname="woong.AppiumStudy.eCommerce_tc_3" name="FillFrom" time="37.316"/>
</testsuite> <!-- woong.AppiumStudy.eCommerce_tc_3 -->
