<?xml version="1.0" encoding="UTF-8"?>
<!-- Generated by org.testng.reporters.JUnitReportReporter -->
<testsuite hostname="woong" failures="0" tests="1" name="woong.AppiumStudy.DragDemo" time="5.830" errors="0" timestamp="2024-01-17T15:44:13 MST" skipped="0">
  <testcase classname="woong.AppiumStudy.DragDemo" name="DragDropTest" time="5.830"/>
</testsuite> <!-- woong.AppiumStudy.DragDemo -->
