<?xml version="1.0" encoding="UTF-8"?>
<!-- Generated by org.testng.reporters.JUnitReportReporter -->
<testsuite hostname="woong" failures="0" tests="1" name="woong.AppiumStudy.Miscellaneous" time="16.831" errors="0" timestamp="2024-01-17T23:22:22 MST" skipped="0">
  <testcase classname="woong.AppiumStudy.Miscellaneous" name="MiscellaneousDemo" time="16.831"/>
</testsuite> <!-- woong.AppiumStudy.Miscellaneous -->
